<?xml version="1.0" encoding="utf-8" standalone="no"?>
<!--This file represents the results of running a test suite-->
<test-results name="C:\GitHub\fsprojects\FSharp.Compiler.CodeDom\tests\FSharp.Compiler.CodeDom.Tests\bin\Release\FSharp.Compiler.CodeDom.Tests.dll" total="1" errors="0" failures="0" not-run="0" inconclusive="0" ignored="0" skipped="0" invalid="0" date="2014-09-04" time="17:33:03">
  <environment nunit-version="2.6.3.13283" clr-version="2.0.50727.5483" os-version="Microsoft Windows NT 6.1.7601 Service Pack 1" platform="Win32NT" cwd="C:\GitHub\fsprojects\FSharp.Compiler.CodeDom" machine-name="MSRC-3765408" user="dsyme" user-domain="EUROPE" />
  <culture-info current-culture="en-GB" current-uiculture="en-US" />
  <test-suite type="Assembly" name="C:\GitHub\fsprojects\FSharp.Compiler.CodeDom\tests\FSharp.Compiler.CodeDom.Tests\bin\Release\FSharp.Compiler.CodeDom.Tests.dll" executed="True" result="Success" success="True" time="0.127" asserts="0">
    <results>
      <test-suite type="Namespace" name="FSharp" executed="True" result="Success" success="True" time="0.109" asserts="0">
        <results>
          <test-suite type="Namespace" name="Compiler" executed="True" result="Success" success="True" time="0.108" asserts="0">
            <results>
              <test-suite type="Namespace" name="CodeDom" executed="True" result="Success" success="True" time="0.108" asserts="0">
                <results>
                  <test-suite type="TestFixture" name="Tests" executed="True" result="Success" success="True" time="0.105" asserts="0">
                    <results>
                      <test-case name="FSharp.Compiler.CodeDom.Tests.hello returns 42" executed="True" result="Success" success="True" time="0.095" asserts="1" />
                    </results>
                  </test-suite>
                </results>
              </test-suite>
            </results>
          </test-suite>
        </results>
      </test-suite>
    </results>
  </test-suite>
</test-results>